{
  "RSpec": {
    "coverage": {
      "/Users/catiestallings/DBC/phase-3/team-cozy/cozytime/app/helpers/application_helper.rb": [
        1,
        1,
        0,
        null,
        null,
        1,
        0,
        null,
        null,
        null
      ],
      "/Users/catiestallings/DBC/phase-3/team-cozy/cozytime/app/models/movie.rb": [
        1,
        1,
        1,
        1,
        1,
        1,
        null,
        1,
        4,
        0,
        null,
        4,
        null,
        null,
        null,
        1,
        4,
        null,
        null,
        null
      ],
      "/Users/catiestallings/DBC/phase-3/team-cozy/cozytime/app/models/rating.rb": [
        1,
        1,
        1,
        null,
        null,
        null
      ],
      "/Users/catiestallings/DBC/phase-3/team-cozy/cozytime/app/controllers/application_controller.rb": [
        0,
        0,
        0,
        0,
        0
      ],
      "/Users/catiestallings/DBC/phase-3/team-cozy/cozytime/app/controllers/movies_controller.rb": [
        0,
        0,
        0,
        0,
        0,
        0,
        0,
        0,
        0,
        0,
        0,
        0,
        0
      ],
      "/Users/catiestallings/DBC/phase-3/team-cozy/cozytime/app/controllers/sessions_controller.rb": [
        0,
        0,
        0,
        0,
        0,
        0,
        0,
        0,
        0,
        0,
        0,
        0,
        0,
        0,
        0,
        0,
        0,
        0,
        0
      ],
      "/Users/catiestallings/DBC/phase-3/team-cozy/cozytime/app/controllers/users_controller.rb": [
        0,
        0,
        0,
        0,
        0,
        0,
        0,
        0,
        0,
        0,
        0,
        0,
        0,
        0,
        0,
        0,
        0,
        0,
        0,
        0,
        0
      ],
      "/Users/catiestallings/DBC/phase-3/team-cozy/cozytime/app/models/categorization.rb": [
        0,
        0,
        0,
        0
      ],
      "/Users/catiestallings/DBC/phase-3/team-cozy/cozytime/app/models/comment.rb": [
        0,
        0,
        0,
        0
      ],
      "/Users/catiestallings/DBC/phase-3/team-cozy/cozytime/app/models/genre.rb": [
        0,
        0,
        0,
        0,
        0,
        0,
        0,
        0,
        0,
        0,
        0,
        0
      ],
      "/Users/catiestallings/DBC/phase-3/team-cozy/cozytime/app/models/review.rb": [
        0,
        0,
        0,
        0,
        0,
        0,
        0,
        0,
        0,
        0,
        0,
        0
      ],
      "/Users/catiestallings/DBC/phase-3/team-cozy/cozytime/app/models/user.rb": [
        0,
        0,
        0,
        0,
        0,
        0,
        0,
        0,
        0,
        0,
        0
      ]
    },
    "timestamp": 1457457246
  }
}
