{
  "RSpec": {
    "coverage": {
      "/Users/catiestallings/DBC/phase-3/team-cozy/app/helpers/application_helper.rb": [
        1,
        1,
        17,
        null,
        null,
        1,
        17,
        null,
        null,
        null
      ],
      "/Users/catiestallings/DBC/phase-3/team-cozy/app/controllers/sessions_controller.rb": [
        1,
        1,
        null,
        null,
        1,
        3,
        2,
        2,
        null,
        1,
        null,
        null,
        null,
        1,
        1,
        1,
        null,
        null
      ],
      "/Users/catiestallings/DBC/phase-3/team-cozy/app/controllers/application_controller.rb": [
        1,
        null,
        null,
        1,
        null
      ],
      "/Users/catiestallings/DBC/phase-3/team-cozy/app/controllers/users_controller.rb": [
        1,
        1,
        1,
        null,
        null,
        1,
        2,
        2,
        1,
        1,
        null,
        1,
        null,
        null,
        null,
        1,
        null,
        1,
        2,
        null,
        null
      ],
      "/Users/catiestallings/DBC/phase-3/team-cozy/app/models/user.rb": [
        1,
        1,
        1,
        1,
        null,
        1,
        null,
        1,
        1,
        1,
        null,
        1,
        1,
        null,
        null
      ],
      "/Users/catiestallings/DBC/phase-3/team-cozy/app/models/genre.rb": [
        1,
        1,
        1,
        null,
        1,
        165,
        null,
        null,
        1,
        113,
        null,
        null,
        1,
        6,
        null,
        null
      ],
      "/Users/catiestallings/DBC/phase-3/team-cozy/app/models/categorization.rb": [
        1,
        1,
        1,
        null
      ],
      "/Users/catiestallings/DBC/phase-3/team-cozy/app/models/movie.rb": [
        1,
        1,
        1,
        1,
        1,
        1,
        null,
        1,
        430,
        0,
        null,
        430,
        null,
        null,
        null,
        1,
        345,
        null,
        null,
        null
      ],
      "/Users/catiestallings/DBC/phase-3/team-cozy/app/controllers/genres_controller.rb": [
        1,
        null,
        1,
        4,
        4,
        4,
        null,
        null
      ],
      "/Users/catiestallings/DBC/phase-3/team-cozy/app/models/rating.rb": [
        1,
        1,
        1,
        null,
        null,
        null
      ],
      "/Users/catiestallings/DBC/phase-3/team-cozy/app/controllers/movies_controller.rb": [
        1,
        1,
        10,
        10,
        10,
        10,
        null,
        null,
        1,
        3,
        3,
        null,
        null
      ],
      "/Users/catiestallings/DBC/phase-3/team-cozy/app/models/review.rb": [
        1,
        1,
        1,
        1,
        1,
        null,
        1,
        14,
        null,
        null,
        null,
        null
      ],
      "/Users/catiestallings/DBC/phase-3/team-cozy/app/models/comment.rb": [
        1,
        1,
        1,
        null
      ]
    },
    "timestamp": 1457469132
  }
}
